28-Apr-2026 19:20:37.884 INFO [main] org.apache.catalina.startup.VersionLoggerListener.log Server version name:   Apache Tomcat/9.0.117
28-Apr-2026 19:20:37.886 INFO [main] org.apache.catalina.startup.VersionLoggerListener.log Server built:          Mar 30 2026 18:21:16 UTC
28-Apr-2026 19:20:37.886 INFO [main] org.apache.catalina.startup.VersionLoggerListener.log Server version number: 9.0.117.0
28-Apr-2026 19:20:37.886 INFO [main] org.apache.catalina.startup.VersionLoggerListener.log OS Name:               Mac OS X
28-Apr-2026 19:20:37.886 INFO [main] org.apache.catalina.startup.VersionLoggerListener.log OS Version:            26.3
28-Apr-2026 19:20:37.886 INFO [main] org.apache.catalina.startup.VersionLoggerListener.log Architecture:          aarch64
28-Apr-2026 19:20:37.887 INFO [main] org.apache.catalina.startup.VersionLoggerListener.log Java Home:             /Users/yiuwah/Library/Java/JavaVirtualMachines/ms-21.0.10/Contents/Home
28-Apr-2026 19:20:37.887 INFO [main] org.apache.catalina.startup.VersionLoggerListener.log JVM Version:           21.0.10+7-LTS
28-Apr-2026 19:20:37.887 INFO [main] org.apache.catalina.startup.VersionLoggerListener.log JVM Vendor:            Microsoft
28-Apr-2026 19:20:37.887 INFO [main] org.apache.catalina.startup.VersionLoggerListener.log CATALINA_BASE:         /Users/yiuwah/Library/Mobile Documents/com~apple~CloudDocs/HKUST/2526S/COMP 4321/Project/phase2/COMP4321-Search-Engine/apache-tomcat-9.0.117
28-Apr-2026 19:20:37.887 INFO [main] org.apache.catalina.startup.VersionLoggerListener.log CATALINA_HOME:         /Users/yiuwah/Downloads/apache-tomcat-9.0.117
28-Apr-2026 19:20:37.893 INFO [main] org.apache.catalina.startup.VersionLoggerListener.log Command line argument: --add-opens=java.base/java.lang=ALL-UNNAMED
28-Apr-2026 19:20:37.893 INFO [main] org.apache.catalina.startup.VersionLoggerListener.log Command line argument: --add-opens=java.base/java.io=ALL-UNNAMED
28-Apr-2026 19:20:37.893 INFO [main] org.apache.catalina.startup.VersionLoggerListener.log Command line argument: --add-opens=java.base/java.util=ALL-UNNAMED
28-Apr-2026 19:20:37.893 INFO [main] org.apache.catalina.startup.VersionLoggerListener.log Command line argument: --add-opens=java.base/java.util.concurrent=ALL-UNNAMED
28-Apr-2026 19:20:37.893 INFO [main] org.apache.catalina.startup.VersionLoggerListener.log Command line argument: --add-opens=java.rmi/sun.rmi.transport=ALL-UNNAMED
28-Apr-2026 19:20:37.893 INFO [main] org.apache.catalina.startup.VersionLoggerListener.log Command line argument: -Dcatalina.home=/Users/yiuwah/Downloads/apache-tomcat-9.0.117
28-Apr-2026 19:20:37.893 INFO [main] org.apache.catalina.startup.VersionLoggerListener.log Command line argument: -Dcatalina.base=/Users/yiuwah/Library/Mobile Documents/com~apple~CloudDocs/HKUST/2526S/COMP 4321/Project/phase2/COMP4321-Search-Engine/apache-tomcat-9.0.117
28-Apr-2026 19:20:37.893 INFO [main] org.apache.catalina.startup.VersionLoggerListener.log Command line argument: -Djava.io.tmpdir=/Users/yiuwah/Library/Mobile Documents/com~apple~CloudDocs/HKUST/2526S/COMP 4321/Project/phase2/COMP4321-Search-Engine/apache-tomcat-9.0.117/temp
28-Apr-2026 19:20:37.893 INFO [main] org.apache.catalina.startup.VersionLoggerListener.log Command line argument: -Djava.util.logging.config.file=/Users/yiuwah/Library/Mobile Documents/com~apple~CloudDocs/HKUST/2526S/COMP 4321/Project/phase2/COMP4321-Search-Engine/apache-tomcat-9.0.117/conf/logging.properties
28-Apr-2026 19:20:37.893 INFO [main] org.apache.catalina.startup.VersionLoggerListener.log Command line argument: -Djava.util.logging.manager=org.apache.juli.ClassLoaderLogManager
28-Apr-2026 19:20:37.893 INFO [main] org.apache.catalina.startup.VersionLoggerListener.log Command line argument: -javaagent:/Applications/IntelliJ IDEA CE.app/Contents/lib/idea_rt.jar=50586:/Applications/IntelliJ IDEA CE.app/Contents/bin
28-Apr-2026 19:20:37.893 INFO [main] org.apache.catalina.startup.VersionLoggerListener.log Command line argument: -Dfile.encoding=UTF-8
28-Apr-2026 19:20:37.893 INFO [main] org.apache.catalina.startup.VersionLoggerListener.log Command line argument: -Dsun.stdout.encoding=UTF-8
28-Apr-2026 19:20:37.893 INFO [main] org.apache.catalina.startup.VersionLoggerListener.log Command line argument: -Dsun.stderr.encoding=UTF-8
28-Apr-2026 19:20:37.898 INFO [main] org.apache.catalina.core.AprLifecycleListener.lifecycleEvent The Apache Tomcat Native library which allows using OpenSSL was not found on the java.library.path: [/Users/yiuwah/Library/Java/Extensions:/Library/Java/Extensions:/Network/Library/Java/Extensions:/System/Library/Java/Extensions:/usr/lib/java:.]
28-Apr-2026 19:20:38.020 INFO [main] org.apache.coyote.AbstractProtocol.init Initializing ProtocolHandler ["http-nio-8080"]
28-Apr-2026 19:20:38.029 INFO [main] org.apache.catalina.startup.Catalina.load Server initialization in [218] milliseconds
28-Apr-2026 19:20:38.044 INFO [main] org.apache.catalina.core.StandardService.startInternal Starting service [Catalina]
28-Apr-2026 19:20:38.045 INFO [main] org.apache.catalina.core.StandardEngine.startInternal Starting Servlet engine: [Apache Tomcat/9.0.117]
28-Apr-2026 19:20:38.047 INFO [main] org.apache.catalina.startup.HostConfig.deployDescriptor Deploying deployment descriptor [/Users/yiuwah/Library/Mobile Documents/com~apple~CloudDocs/HKUST/2526S/COMP 4321/Project/phase2/COMP4321-Search-Engine/apache-tomcat-9.0.117/conf/Catalina/localhost/ROOT.xml]
28-Apr-2026 19:20:38.054 WARNING [main] org.apache.catalina.startup.HostConfig.deployDescriptor Deployment of deployment descriptor [/Users/yiuwah/Library/Mobile Documents/com~apple~CloudDocs/HKUST/2526S/COMP 4321/Project/phase2/COMP4321-Search-Engine/apache-tomcat-9.0.117/conf/Catalina/localhost/ROOT.xml] with an external docBase means the directory [/Users/yiuwah/Library/Mobile Documents/com~apple~CloudDocs/HKUST/2526S/COMP 4321/Project/phase2/COMP4321-Search-Engine/apache-tomcat-9.0.117/webapps/ROOT] in the appBase will be ignored
28-Apr-2026 19:20:39.328 INFO [main] org.apache.jasper.servlet.TldScanner.scanJars At least one JAR was scanned for TLDs yet contained no TLDs. Enable debug logging for this logger for a complete list of JARs that were scanned but no TLDs were found in them. Skipping unneeded JARs during scanning can improve startup time and JSP compilation time.
28-Apr-2026 19:20:39.342 INFO [main] org.apache.catalina.startup.HostConfig.deployDescriptor Deployment of deployment descriptor [/Users/yiuwah/Library/Mobile Documents/com~apple~CloudDocs/HKUST/2526S/COMP 4321/Project/phase2/COMP4321-Search-Engine/apache-tomcat-9.0.117/conf/Catalina/localhost/ROOT.xml] has finished in [1,295] ms
28-Apr-2026 19:20:39.343 INFO [main] org.apache.catalina.startup.HostConfig.deployDirectory Deploying web application directory [/Users/yiuwah/Library/Mobile Documents/com~apple~CloudDocs/HKUST/2526S/COMP 4321/Project/phase2/COMP4321-Search-Engine/apache-tomcat-9.0.117/webapps/docs]
28-Apr-2026 19:20:39.353 INFO [main] org.apache.catalina.startup.HostConfig.deployDirectory Deployment of web application directory [/Users/yiuwah/Library/Mobile Documents/com~apple~CloudDocs/HKUST/2526S/COMP 4321/Project/phase2/COMP4321-Search-Engine/apache-tomcat-9.0.117/webapps/docs] has finished in [11] ms
28-Apr-2026 19:20:39.353 INFO [main] org.apache.catalina.startup.HostConfig.deployDirectory Deploying web application directory [/Users/yiuwah/Library/Mobile Documents/com~apple~CloudDocs/HKUST/2526S/COMP 4321/Project/phase2/COMP4321-Search-Engine/apache-tomcat-9.0.117/webapps/manager]
28-Apr-2026 19:20:39.364 INFO [main] org.apache.catalina.startup.HostConfig.deployDirectory Deployment of web application directory [/Users/yiuwah/Library/Mobile Documents/com~apple~CloudDocs/HKUST/2526S/COMP 4321/Project/phase2/COMP4321-Search-Engine/apache-tomcat-9.0.117/webapps/manager] has finished in [11] ms
28-Apr-2026 19:20:39.364 INFO [main] org.apache.catalina.startup.HostConfig.deployDirectory Deploying web application directory [/Users/yiuwah/Library/Mobile Documents/com~apple~CloudDocs/HKUST/2526S/COMP 4321/Project/phase2/COMP4321-Search-Engine/apache-tomcat-9.0.117/webapps/examples]
28-Apr-2026 19:20:39.429 INFO [main] org.apache.catalina.startup.HostConfig.deployDirectory Deployment of web application directory [/Users/yiuwah/Library/Mobile Documents/com~apple~CloudDocs/HKUST/2526S/COMP 4321/Project/phase2/COMP4321-Search-Engine/apache-tomcat-9.0.117/webapps/examples] has finished in [65] ms
28-Apr-2026 19:20:39.429 INFO [main] org.apache.catalina.startup.HostConfig.deployDirectory Deploying web application directory [/Users/yiuwah/Library/Mobile Documents/com~apple~CloudDocs/HKUST/2526S/COMP 4321/Project/phase2/COMP4321-Search-Engine/apache-tomcat-9.0.117/webapps/host-manager]
28-Apr-2026 19:20:39.437 INFO [main] org.apache.catalina.startup.HostConfig.deployDirectory Deployment of web application directory [/Users/yiuwah/Library/Mobile Documents/com~apple~CloudDocs/HKUST/2526S/COMP 4321/Project/phase2/COMP4321-Search-Engine/apache-tomcat-9.0.117/webapps/host-manager] has finished in [8] ms
28-Apr-2026 19:20:39.438 INFO [main] org.apache.coyote.AbstractProtocol.start Starting ProtocolHandler ["http-nio-8080"]
28-Apr-2026 19:20:39.441 INFO [main] org.apache.catalina.startup.Catalina.start Server startup in [1411] milliseconds
28-Apr-2026 19:22:31.927 INFO [Thread-1] org.apache.coyote.AbstractProtocol.pause Pausing ProtocolHandler ["http-nio-8080"]
28-Apr-2026 19:22:31.928 INFO [Thread-1] org.apache.catalina.core.StandardService.stopInternal Stopping service [Catalina]
28-Apr-2026 19:22:31.938 INFO [Thread-1] org.apache.coyote.AbstractProtocol.stop Stopping ProtocolHandler ["http-nio-8080"]
28-Apr-2026 19:22:31.939 INFO [Thread-1] org.apache.coyote.AbstractProtocol.destroy Destroying ProtocolHandler ["http-nio-8080"]
28-Apr-2026 19:22:32.881 INFO [main] org.apache.catalina.startup.VersionLoggerListener.log Server version name:   Apache Tomcat/9.0.117
28-Apr-2026 19:22:32.883 INFO [main] org.apache.catalina.startup.VersionLoggerListener.log Server built:          Mar 30 2026 18:21:16 UTC
28-Apr-2026 19:22:32.883 INFO [main] org.apache.catalina.startup.VersionLoggerListener.log Server version number: 9.0.117.0
28-Apr-2026 19:22:32.883 INFO [main] org.apache.catalina.startup.VersionLoggerListener.log OS Name:               Mac OS X
28-Apr-2026 19:22:32.883 INFO [main] org.apache.catalina.startup.VersionLoggerListener.log OS Version:            26.3
28-Apr-2026 19:22:32.883 INFO [main] org.apache.catalina.startup.VersionLoggerListener.log Architecture:          aarch64
28-Apr-2026 19:22:32.884 INFO [main] org.apache.catalina.startup.VersionLoggerListener.log Java Home:             /Users/yiuwah/Library/Java/JavaVirtualMachines/ms-21.0.10/Contents/Home
28-Apr-2026 19:22:32.884 INFO [main] org.apache.catalina.startup.VersionLoggerListener.log JVM Version:           21.0.10+7-LTS
28-Apr-2026 19:22:32.884 INFO [main] org.apache.catalina.startup.VersionLoggerListener.log JVM Vendor:            Microsoft
28-Apr-2026 19:22:32.884 INFO [main] org.apache.catalina.startup.VersionLoggerListener.log CATALINA_BASE:         /Users/yiuwah/Library/Mobile Documents/com~apple~CloudDocs/HKUST/2526S/COMP 4321/Project/phase2/COMP4321-Search-Engine/apache-tomcat-9.0.117
28-Apr-2026 19:22:32.884 INFO [main] org.apache.catalina.startup.VersionLoggerListener.log CATALINA_HOME:         /Users/yiuwah/Downloads/apache-tomcat-9.0.117
28-Apr-2026 19:22:32.888 INFO [main] org.apache.catalina.startup.VersionLoggerListener.log Command line argument: --add-opens=java.base/java.lang=ALL-UNNAMED
28-Apr-2026 19:22:32.889 INFO [main] org.apache.catalina.startup.VersionLoggerListener.log Command line argument: --add-opens=java.base/java.io=ALL-UNNAMED
28-Apr-2026 19:22:32.889 INFO [main] org.apache.catalina.startup.VersionLoggerListener.log Command line argument: --add-opens=java.base/java.util=ALL-UNNAMED
28-Apr-2026 19:22:32.889 INFO [main] org.apache.catalina.startup.VersionLoggerListener.log Command line argument: --add-opens=java.base/java.util.concurrent=ALL-UNNAMED
28-Apr-2026 19:22:32.889 INFO [main] org.apache.catalina.startup.VersionLoggerListener.log Command line argument: --add-opens=java.rmi/sun.rmi.transport=ALL-UNNAMED
28-Apr-2026 19:22:32.889 INFO [main] org.apache.catalina.startup.VersionLoggerListener.log Command line argument: -Dcatalina.home=/Users/yiuwah/Downloads/apache-tomcat-9.0.117
28-Apr-2026 19:22:32.889 INFO [main] org.apache.catalina.startup.VersionLoggerListener.log Command line argument: -Dcatalina.base=/Users/yiuwah/Library/Mobile Documents/com~apple~CloudDocs/HKUST/2526S/COMP 4321/Project/phase2/COMP4321-Search-Engine/apache-tomcat-9.0.117
28-Apr-2026 19:22:32.889 INFO [main] org.apache.catalina.startup.VersionLoggerListener.log Command line argument: -Djava.io.tmpdir=/Users/yiuwah/Library/Mobile Documents/com~apple~CloudDocs/HKUST/2526S/COMP 4321/Project/phase2/COMP4321-Search-Engine/apache-tomcat-9.0.117/temp
28-Apr-2026 19:22:32.889 INFO [main] org.apache.catalina.startup.VersionLoggerListener.log Command line argument: -Djava.util.logging.config.file=/Users/yiuwah/Library/Mobile Documents/com~apple~CloudDocs/HKUST/2526S/COMP 4321/Project/phase2/COMP4321-Search-Engine/apache-tomcat-9.0.117/conf/logging.properties
28-Apr-2026 19:22:32.889 INFO [main] org.apache.catalina.startup.VersionLoggerListener.log Command line argument: -Djava.util.logging.manager=org.apache.juli.ClassLoaderLogManager
28-Apr-2026 19:22:32.889 INFO [main] org.apache.catalina.startup.VersionLoggerListener.log Command line argument: -javaagent:/Applications/IntelliJ IDEA CE.app/Contents/lib/idea_rt.jar=51058:/Applications/IntelliJ IDEA CE.app/Contents/bin
28-Apr-2026 19:22:32.889 INFO [main] org.apache.catalina.startup.VersionLoggerListener.log Command line argument: -Dfile.encoding=UTF-8
28-Apr-2026 19:22:32.889 INFO [main] org.apache.catalina.startup.VersionLoggerListener.log Command line argument: -Dsun.stdout.encoding=UTF-8
28-Apr-2026 19:22:32.889 INFO [main] org.apache.catalina.startup.VersionLoggerListener.log Command line argument: -Dsun.stderr.encoding=UTF-8
28-Apr-2026 19:22:32.896 INFO [main] org.apache.catalina.core.AprLifecycleListener.lifecycleEvent The Apache Tomcat Native library which allows using OpenSSL was not found on the java.library.path: [/Users/yiuwah/Library/Java/Extensions:/Library/Java/Extensions:/Network/Library/Java/Extensions:/System/Library/Java/Extensions:/usr/lib/java:.]
28-Apr-2026 19:22:33.014 INFO [main] org.apache.coyote.AbstractProtocol.init Initializing ProtocolHandler ["http-nio-8080"]
28-Apr-2026 19:22:33.022 INFO [main] org.apache.catalina.startup.Catalina.load Server initialization in [204] milliseconds
28-Apr-2026 19:22:33.034 INFO [main] org.apache.catalina.core.StandardService.startInternal Starting service [Catalina]
28-Apr-2026 19:22:33.034 INFO [main] org.apache.catalina.core.StandardEngine.startInternal Starting Servlet engine: [Apache Tomcat/9.0.117]
28-Apr-2026 19:22:33.037 INFO [main] org.apache.catalina.startup.HostConfig.deployDescriptor Deploying deployment descriptor [/Users/yiuwah/Library/Mobile Documents/com~apple~CloudDocs/HKUST/2526S/COMP 4321/Project/phase2/COMP4321-Search-Engine/apache-tomcat-9.0.117/conf/Catalina/localhost/ROOT.xml]
28-Apr-2026 19:22:33.043 WARNING [main] org.apache.catalina.startup.HostConfig.deployDescriptor Deployment of deployment descriptor [/Users/yiuwah/Library/Mobile Documents/com~apple~CloudDocs/HKUST/2526S/COMP 4321/Project/phase2/COMP4321-Search-Engine/apache-tomcat-9.0.117/conf/Catalina/localhost/ROOT.xml] with an external docBase means the directory [/Users/yiuwah/Library/Mobile Documents/com~apple~CloudDocs/HKUST/2526S/COMP 4321/Project/phase2/COMP4321-Search-Engine/apache-tomcat-9.0.117/webapps/ROOT] in the appBase will be ignored
28-Apr-2026 19:22:34.320 INFO [main] org.apache.jasper.servlet.TldScanner.scanJars At least one JAR was scanned for TLDs yet contained no TLDs. Enable debug logging for this logger for a complete list of JARs that were scanned but no TLDs were found in them. Skipping unneeded JARs during scanning can improve startup time and JSP compilation time.
28-Apr-2026 19:22:34.338 INFO [main] org.apache.catalina.startup.HostConfig.deployDescriptor Deployment of deployment descriptor [/Users/yiuwah/Library/Mobile Documents/com~apple~CloudDocs/HKUST/2526S/COMP 4321/Project/phase2/COMP4321-Search-Engine/apache-tomcat-9.0.117/conf/Catalina/localhost/ROOT.xml] has finished in [1,300] ms
28-Apr-2026 19:22:34.338 INFO [main] org.apache.catalina.startup.HostConfig.deployDirectory Deploying web application directory [/Users/yiuwah/Library/Mobile Documents/com~apple~CloudDocs/HKUST/2526S/COMP 4321/Project/phase2/COMP4321-Search-Engine/apache-tomcat-9.0.117/webapps/docs]
28-Apr-2026 19:22:34.350 INFO [main] org.apache.catalina.startup.HostConfig.deployDirectory Deployment of web application directory [/Users/yiuwah/Library/Mobile Documents/com~apple~CloudDocs/HKUST/2526S/COMP 4321/Project/phase2/COMP4321-Search-Engine/apache-tomcat-9.0.117/webapps/docs] has finished in [12] ms
28-Apr-2026 19:22:34.350 INFO [main] org.apache.catalina.startup.HostConfig.deployDirectory Deploying web application directory [/Users/yiuwah/Library/Mobile Documents/com~apple~CloudDocs/HKUST/2526S/COMP 4321/Project/phase2/COMP4321-Search-Engine/apache-tomcat-9.0.117/webapps/manager]
28-Apr-2026 19:22:34.361 INFO [main] org.apache.catalina.startup.HostConfig.deployDirectory Deployment of web application directory [/Users/yiuwah/Library/Mobile Documents/com~apple~CloudDocs/HKUST/2526S/COMP 4321/Project/phase2/COMP4321-Search-Engine/apache-tomcat-9.0.117/webapps/manager] has finished in [11] ms
28-Apr-2026 19:22:34.362 INFO [main] org.apache.catalina.startup.HostConfig.deployDirectory Deploying web application directory [/Users/yiuwah/Library/Mobile Documents/com~apple~CloudDocs/HKUST/2526S/COMP 4321/Project/phase2/COMP4321-Search-Engine/apache-tomcat-9.0.117/webapps/examples]
28-Apr-2026 19:22:34.429 INFO [main] org.apache.catalina.startup.HostConfig.deployDirectory Deployment of web application directory [/Users/yiuwah/Library/Mobile Documents/com~apple~CloudDocs/HKUST/2526S/COMP 4321/Project/phase2/COMP4321-Search-Engine/apache-tomcat-9.0.117/webapps/examples] has finished in [67] ms
28-Apr-2026 19:22:34.430 INFO [main] org.apache.catalina.startup.HostConfig.deployDirectory Deploying web application directory [/Users/yiuwah/Library/Mobile Documents/com~apple~CloudDocs/HKUST/2526S/COMP 4321/Project/phase2/COMP4321-Search-Engine/apache-tomcat-9.0.117/webapps/host-manager]
28-Apr-2026 19:22:34.437 INFO [main] org.apache.catalina.startup.HostConfig.deployDirectory Deployment of web application directory [/Users/yiuwah/Library/Mobile Documents/com~apple~CloudDocs/HKUST/2526S/COMP 4321/Project/phase2/COMP4321-Search-Engine/apache-tomcat-9.0.117/webapps/host-manager] has finished in [7] ms
28-Apr-2026 19:22:34.438 INFO [main] org.apache.coyote.AbstractProtocol.start Starting ProtocolHandler ["http-nio-8080"]
28-Apr-2026 19:22:34.442 INFO [main] org.apache.catalina.startup.Catalina.start Server startup in [1419] milliseconds
28-Apr-2026 19:23:04.622 INFO [Thread-1] org.apache.coyote.AbstractProtocol.pause Pausing ProtocolHandler ["http-nio-8080"]
28-Apr-2026 19:23:04.623 INFO [Thread-1] org.apache.catalina.core.StandardService.stopInternal Stopping service [Catalina]
28-Apr-2026 19:23:04.634 INFO [Thread-1] org.apache.coyote.AbstractProtocol.stop Stopping ProtocolHandler ["http-nio-8080"]
28-Apr-2026 19:23:04.636 INFO [Thread-1] org.apache.coyote.AbstractProtocol.destroy Destroying ProtocolHandler ["http-nio-8080"]
28-Apr-2026 19:23:05.487 INFO [main] org.apache.catalina.startup.VersionLoggerListener.log Server version name:   Apache Tomcat/9.0.117
28-Apr-2026 19:23:05.489 INFO [main] org.apache.catalina.startup.VersionLoggerListener.log Server built:          Mar 30 2026 18:21:16 UTC
28-Apr-2026 19:23:05.489 INFO [main] org.apache.catalina.startup.VersionLoggerListener.log Server version number: 9.0.117.0
28-Apr-2026 19:23:05.489 INFO [main] org.apache.catalina.startup.VersionLoggerListener.log OS Name:               Mac OS X
28-Apr-2026 19:23:05.489 INFO [main] org.apache.catalina.startup.VersionLoggerListener.log OS Version:            26.3
28-Apr-2026 19:23:05.489 INFO [main] org.apache.catalina.startup.VersionLoggerListener.log Architecture:          aarch64
28-Apr-2026 19:23:05.489 INFO [main] org.apache.catalina.startup.VersionLoggerListener.log Java Home:             /Users/yiuwah/Library/Java/JavaVirtualMachines/ms-21.0.10/Contents/Home
28-Apr-2026 19:23:05.489 INFO [main] org.apache.catalina.startup.VersionLoggerListener.log JVM Version:           21.0.10+7-LTS
28-Apr-2026 19:23:05.489 INFO [main] org.apache.catalina.startup.VersionLoggerListener.log JVM Vendor:            Microsoft
28-Apr-2026 19:23:05.489 INFO [main] org.apache.catalina.startup.VersionLoggerListener.log CATALINA_BASE:         /Users/yiuwah/Library/Mobile Documents/com~apple~CloudDocs/HKUST/2526S/COMP 4321/Project/phase2/COMP4321-Search-Engine/apache-tomcat-9.0.117
28-Apr-2026 19:23:05.489 INFO [main] org.apache.catalina.startup.VersionLoggerListener.log CATALINA_HOME:         /Users/yiuwah/Downloads/apache-tomcat-9.0.117
28-Apr-2026 19:23:05.494 INFO [main] org.apache.catalina.startup.VersionLoggerListener.log Command line argument: --add-opens=java.base/java.lang=ALL-UNNAMED
28-Apr-2026 19:23:05.494 INFO [main] org.apache.catalina.startup.VersionLoggerListener.log Command line argument: --add-opens=java.base/java.io=ALL-UNNAMED
28-Apr-2026 19:23:05.494 INFO [main] org.apache.catalina.startup.VersionLoggerListener.log Command line argument: --add-opens=java.base/java.util=ALL-UNNAMED
28-Apr-2026 19:23:05.494 INFO [main] org.apache.catalina.startup.VersionLoggerListener.log Command line argument: --add-opens=java.base/java.util.concurrent=ALL-UNNAMED
28-Apr-2026 19:23:05.494 INFO [main] org.apache.catalina.startup.VersionLoggerListener.log Command line argument: --add-opens=java.rmi/sun.rmi.transport=ALL-UNNAMED
28-Apr-2026 19:23:05.494 INFO [main] org.apache.catalina.startup.VersionLoggerListener.log Command line argument: -Dcatalina.home=/Users/yiuwah/Downloads/apache-tomcat-9.0.117
28-Apr-2026 19:23:05.494 INFO [main] org.apache.catalina.startup.VersionLoggerListener.log Command line argument: -Dcatalina.base=/Users/yiuwah/Library/Mobile Documents/com~apple~CloudDocs/HKUST/2526S/COMP 4321/Project/phase2/COMP4321-Search-Engine/apache-tomcat-9.0.117
28-Apr-2026 19:23:05.494 INFO [main] org.apache.catalina.startup.VersionLoggerListener.log Command line argument: -Djava.io.tmpdir=/Users/yiuwah/Library/Mobile Documents/com~apple~CloudDocs/HKUST/2526S/COMP 4321/Project/phase2/COMP4321-Search-Engine/apache-tomcat-9.0.117/temp
28-Apr-2026 19:23:05.494 INFO [main] org.apache.catalina.startup.VersionLoggerListener.log Command line argument: -Djava.util.logging.config.file=/Users/yiuwah/Library/Mobile Documents/com~apple~CloudDocs/HKUST/2526S/COMP 4321/Project/phase2/COMP4321-Search-Engine/apache-tomcat-9.0.117/conf/logging.properties
28-Apr-2026 19:23:05.494 INFO [main] org.apache.catalina.startup.VersionLoggerListener.log Command line argument: -Djava.util.logging.manager=org.apache.juli.ClassLoaderLogManager
28-Apr-2026 19:23:05.494 INFO [main] org.apache.catalina.startup.VersionLoggerListener.log Command line argument: -javaagent:/Applications/IntelliJ IDEA CE.app/Contents/lib/idea_rt.jar=51193:/Applications/IntelliJ IDEA CE.app/Contents/bin
28-Apr-2026 19:23:05.494 INFO [main] org.apache.catalina.startup.VersionLoggerListener.log Command line argument: -Dfile.encoding=UTF-8
28-Apr-2026 19:23:05.494 INFO [main] org.apache.catalina.startup.VersionLoggerListener.log Command line argument: -Dsun.stdout.encoding=UTF-8
28-Apr-2026 19:23:05.494 INFO [main] org.apache.catalina.startup.VersionLoggerListener.log Command line argument: -Dsun.stderr.encoding=UTF-8
28-Apr-2026 19:23:05.499 INFO [main] org.apache.catalina.core.AprLifecycleListener.lifecycleEvent The Apache Tomcat Native library which allows using OpenSSL was not found on the java.library.path: [/Users/yiuwah/Library/Java/Extensions:/Library/Java/Extensions:/Network/Library/Java/Extensions:/System/Library/Java/Extensions:/usr/lib/java:.]
28-Apr-2026 19:23:05.612 INFO [main] org.apache.coyote.AbstractProtocol.init Initializing ProtocolHandler ["http-nio-8080"]
28-Apr-2026 19:23:05.620 INFO [main] org.apache.catalina.startup.Catalina.load Server initialization in [197] milliseconds
28-Apr-2026 19:23:05.635 INFO [main] org.apache.catalina.core.StandardService.startInternal Starting service [Catalina]
28-Apr-2026 19:23:05.635 INFO [main] org.apache.catalina.core.StandardEngine.startInternal Starting Servlet engine: [Apache Tomcat/9.0.117]
28-Apr-2026 19:23:05.638 INFO [main] org.apache.catalina.startup.HostConfig.deployDescriptor Deploying deployment descriptor [/Users/yiuwah/Library/Mobile Documents/com~apple~CloudDocs/HKUST/2526S/COMP 4321/Project/phase2/COMP4321-Search-Engine/apache-tomcat-9.0.117/conf/Catalina/localhost/ROOT.xml]
28-Apr-2026 19:23:05.645 WARNING [main] org.apache.catalina.startup.HostConfig.deployDescriptor Deployment of deployment descriptor [/Users/yiuwah/Library/Mobile Documents/com~apple~CloudDocs/HKUST/2526S/COMP 4321/Project/phase2/COMP4321-Search-Engine/apache-tomcat-9.0.117/conf/Catalina/localhost/ROOT.xml] with an external docBase means the directory [/Users/yiuwah/Library/Mobile Documents/com~apple~CloudDocs/HKUST/2526S/COMP 4321/Project/phase2/COMP4321-Search-Engine/apache-tomcat-9.0.117/webapps/ROOT] in the appBase will be ignored
28-Apr-2026 19:23:06.936 INFO [main] org.apache.jasper.servlet.TldScanner.scanJars At least one JAR was scanned for TLDs yet contained no TLDs. Enable debug logging for this logger for a complete list of JARs that were scanned but no TLDs were found in them. Skipping unneeded JARs during scanning can improve startup time and JSP compilation time.
28-Apr-2026 19:23:06.950 INFO [main] org.apache.catalina.startup.HostConfig.deployDescriptor Deployment of deployment descriptor [/Users/yiuwah/Library/Mobile Documents/com~apple~CloudDocs/HKUST/2526S/COMP 4321/Project/phase2/COMP4321-Search-Engine/apache-tomcat-9.0.117/conf/Catalina/localhost/ROOT.xml] has finished in [1,311] ms
28-Apr-2026 19:23:06.950 INFO [main] org.apache.catalina.startup.HostConfig.deployDirectory Deploying web application directory [/Users/yiuwah/Library/Mobile Documents/com~apple~CloudDocs/HKUST/2526S/COMP 4321/Project/phase2/COMP4321-Search-Engine/apache-tomcat-9.0.117/webapps/docs]
28-Apr-2026 19:23:06.961 INFO [main] org.apache.catalina.startup.HostConfig.deployDirectory Deployment of web application directory [/Users/yiuwah/Library/Mobile Documents/com~apple~CloudDocs/HKUST/2526S/COMP 4321/Project/phase2/COMP4321-Search-Engine/apache-tomcat-9.0.117/webapps/docs] has finished in [11] ms
28-Apr-2026 19:23:06.961 INFO [main] org.apache.catalina.startup.HostConfig.deployDirectory Deploying web application directory [/Users/yiuwah/Library/Mobile Documents/com~apple~CloudDocs/HKUST/2526S/COMP 4321/Project/phase2/COMP4321-Search-Engine/apache-tomcat-9.0.117/webapps/manager]
28-Apr-2026 19:23:06.973 INFO [main] org.apache.catalina.startup.HostConfig.deployDirectory Deployment of web application directory [/Users/yiuwah/Library/Mobile Documents/com~apple~CloudDocs/HKUST/2526S/COMP 4321/Project/phase2/COMP4321-Search-Engine/apache-tomcat-9.0.117/webapps/manager] has finished in [12] ms
28-Apr-2026 19:23:06.973 INFO [main] org.apache.catalina.startup.HostConfig.deployDirectory Deploying web application directory [/Users/yiuwah/Library/Mobile Documents/com~apple~CloudDocs/HKUST/2526S/COMP 4321/Project/phase2/COMP4321-Search-Engine/apache-tomcat-9.0.117/webapps/examples]
28-Apr-2026 19:23:07.043 INFO [main] org.apache.catalina.startup.HostConfig.deployDirectory Deployment of web application directory [/Users/yiuwah/Library/Mobile Documents/com~apple~CloudDocs/HKUST/2526S/COMP 4321/Project/phase2/COMP4321-Search-Engine/apache-tomcat-9.0.117/webapps/examples] has finished in [70] ms
28-Apr-2026 19:23:07.043 INFO [main] org.apache.catalina.startup.HostConfig.deployDirectory Deploying web application directory [/Users/yiuwah/Library/Mobile Documents/com~apple~CloudDocs/HKUST/2526S/COMP 4321/Project/phase2/COMP4321-Search-Engine/apache-tomcat-9.0.117/webapps/host-manager]
28-Apr-2026 19:23:07.050 INFO [main] org.apache.catalina.startup.HostConfig.deployDirectory Deployment of web application directory [/Users/yiuwah/Library/Mobile Documents/com~apple~CloudDocs/HKUST/2526S/COMP 4321/Project/phase2/COMP4321-Search-Engine/apache-tomcat-9.0.117/webapps/host-manager] has finished in [7] ms
28-Apr-2026 19:23:07.052 INFO [main] org.apache.coyote.AbstractProtocol.start Starting ProtocolHandler ["http-nio-8080"]
28-Apr-2026 19:23:07.055 INFO [main] org.apache.catalina.startup.Catalina.start Server startup in [1433] milliseconds
28-Apr-2026 19:25:11.674 INFO [Thread-1] org.apache.coyote.AbstractProtocol.pause Pausing ProtocolHandler ["http-nio-8080"]
28-Apr-2026 19:25:11.675 INFO [Thread-1] org.apache.catalina.core.StandardService.stopInternal Stopping service [Catalina]
28-Apr-2026 19:25:11.687 INFO [Thread-1] org.apache.coyote.AbstractProtocol.stop Stopping ProtocolHandler ["http-nio-8080"]
28-Apr-2026 19:25:11.700 INFO [Thread-1] org.apache.coyote.AbstractProtocol.destroy Destroying ProtocolHandler ["http-nio-8080"]
28-Apr-2026 19:25:12.539 INFO [main] org.apache.catalina.startup.VersionLoggerListener.log Server version name:   Apache Tomcat/9.0.117
28-Apr-2026 19:25:12.541 INFO [main] org.apache.catalina.startup.VersionLoggerListener.log Server built:          Mar 30 2026 18:21:16 UTC
28-Apr-2026 19:25:12.541 INFO [main] org.apache.catalina.startup.VersionLoggerListener.log Server version number: 9.0.117.0
28-Apr-2026 19:25:12.541 INFO [main] org.apache.catalina.startup.VersionLoggerListener.log OS Name:               Mac OS X
28-Apr-2026 19:25:12.541 INFO [main] org.apache.catalina.startup.VersionLoggerListener.log OS Version:            26.3
28-Apr-2026 19:25:12.541 INFO [main] org.apache.catalina.startup.VersionLoggerListener.log Architecture:          aarch64
28-Apr-2026 19:25:12.541 INFO [main] org.apache.catalina.startup.VersionLoggerListener.log Java Home:             /Users/yiuwah/Library/Java/JavaVirtualMachines/ms-21.0.10/Contents/Home
28-Apr-2026 19:25:12.541 INFO [main] org.apache.catalina.startup.VersionLoggerListener.log JVM Version:           21.0.10+7-LTS
28-Apr-2026 19:25:12.541 INFO [main] org.apache.catalina.startup.VersionLoggerListener.log JVM Vendor:            Microsoft
28-Apr-2026 19:25:12.541 INFO [main] org.apache.catalina.startup.VersionLoggerListener.log CATALINA_BASE:         /Users/yiuwah/Library/Mobile Documents/com~apple~CloudDocs/HKUST/2526S/COMP 4321/Project/phase2/COMP4321-Search-Engine/apache-tomcat-9.0.117
28-Apr-2026 19:25:12.541 INFO [main] org.apache.catalina.startup.VersionLoggerListener.log CATALINA_HOME:         /Users/yiuwah/Downloads/apache-tomcat-9.0.117
28-Apr-2026 19:25:12.545 INFO [main] org.apache.catalina.startup.VersionLoggerListener.log Command line argument: --add-opens=java.base/java.lang=ALL-UNNAMED
28-Apr-2026 19:25:12.546 INFO [main] org.apache.catalina.startup.VersionLoggerListener.log Command line argument: --add-opens=java.base/java.io=ALL-UNNAMED
28-Apr-2026 19:25:12.546 INFO [main] org.apache.catalina.startup.VersionLoggerListener.log Command line argument: --add-opens=java.base/java.util=ALL-UNNAMED
28-Apr-2026 19:25:12.546 INFO [main] org.apache.catalina.startup.VersionLoggerListener.log Command line argument: --add-opens=java.base/java.util.concurrent=ALL-UNNAMED
28-Apr-2026 19:25:12.546 INFO [main] org.apache.catalina.startup.VersionLoggerListener.log Command line argument: --add-opens=java.rmi/sun.rmi.transport=ALL-UNNAMED
28-Apr-2026 19:25:12.546 INFO [main] org.apache.catalina.startup.VersionLoggerListener.log Command line argument: -Dcatalina.home=/Users/yiuwah/Downloads/apache-tomcat-9.0.117
28-Apr-2026 19:25:12.546 INFO [main] org.apache.catalina.startup.VersionLoggerListener.log Command line argument: -Dcatalina.base=/Users/yiuwah/Library/Mobile Documents/com~apple~CloudDocs/HKUST/2526S/COMP 4321/Project/phase2/COMP4321-Search-Engine/apache-tomcat-9.0.117
28-Apr-2026 19:25:12.546 INFO [main] org.apache.catalina.startup.VersionLoggerListener.log Command line argument: -Djava.io.tmpdir=/Users/yiuwah/Library/Mobile Documents/com~apple~CloudDocs/HKUST/2526S/COMP 4321/Project/phase2/COMP4321-Search-Engine/apache-tomcat-9.0.117/temp
28-Apr-2026 19:25:12.546 INFO [main] org.apache.catalina.startup.VersionLoggerListener.log Command line argument: -Djava.util.logging.config.file=/Users/yiuwah/Library/Mobile Documents/com~apple~CloudDocs/HKUST/2526S/COMP 4321/Project/phase2/COMP4321-Search-Engine/apache-tomcat-9.0.117/conf/logging.properties
28-Apr-2026 19:25:12.546 INFO [main] org.apache.catalina.startup.VersionLoggerListener.log Command line argument: -Djava.util.logging.manager=org.apache.juli.ClassLoaderLogManager
28-Apr-2026 19:25:12.546 INFO [main] org.apache.catalina.startup.VersionLoggerListener.log Command line argument: -javaagent:/Applications/IntelliJ IDEA CE.app/Contents/lib/idea_rt.jar=51723:/Applications/IntelliJ IDEA CE.app/Contents/bin
28-Apr-2026 19:25:12.546 INFO [main] org.apache.catalina.startup.VersionLoggerListener.log Command line argument: -Dfile.encoding=UTF-8
28-Apr-2026 19:25:12.546 INFO [main] org.apache.catalina.startup.VersionLoggerListener.log Command line argument: -Dsun.stdout.encoding=UTF-8
28-Apr-2026 19:25:12.546 INFO [main] org.apache.catalina.startup.VersionLoggerListener.log Command line argument: -Dsun.stderr.encoding=UTF-8
28-Apr-2026 19:25:12.550 INFO [main] org.apache.catalina.core.AprLifecycleListener.lifecycleEvent The Apache Tomcat Native library which allows using OpenSSL was not found on the java.library.path: [/Users/yiuwah/Library/Java/Extensions:/Library/Java/Extensions:/Network/Library/Java/Extensions:/System/Library/Java/Extensions:/usr/lib/java:.]
28-Apr-2026 19:25:12.674 INFO [main] org.apache.coyote.AbstractProtocol.init Initializing ProtocolHandler ["http-nio-8080"]
28-Apr-2026 19:25:12.680 INFO [main] org.apache.catalina.startup.Catalina.load Server initialization in [207] milliseconds
28-Apr-2026 19:25:12.696 INFO [main] org.apache.catalina.core.StandardService.startInternal Starting service [Catalina]
28-Apr-2026 19:25:12.697 INFO [main] org.apache.catalina.core.StandardEngine.startInternal Starting Servlet engine: [Apache Tomcat/9.0.117]
28-Apr-2026 19:25:12.701 INFO [main] org.apache.catalina.startup.HostConfig.deployDescriptor Deploying deployment descriptor [/Users/yiuwah/Library/Mobile Documents/com~apple~CloudDocs/HKUST/2526S/COMP 4321/Project/phase2/COMP4321-Search-Engine/apache-tomcat-9.0.117/conf/Catalina/localhost/ROOT.xml]
28-Apr-2026 19:25:12.708 WARNING [main] org.apache.catalina.startup.HostConfig.deployDescriptor Deployment of deployment descriptor [/Users/yiuwah/Library/Mobile Documents/com~apple~CloudDocs/HKUST/2526S/COMP 4321/Project/phase2/COMP4321-Search-Engine/apache-tomcat-9.0.117/conf/Catalina/localhost/ROOT.xml] with an external docBase means the directory [/Users/yiuwah/Library/Mobile Documents/com~apple~CloudDocs/HKUST/2526S/COMP 4321/Project/phase2/COMP4321-Search-Engine/apache-tomcat-9.0.117/webapps/ROOT] in the appBase will be ignored
28-Apr-2026 19:25:13.885 INFO [main] org.apache.jasper.servlet.TldScanner.scanJars At least one JAR was scanned for TLDs yet contained no TLDs. Enable debug logging for this logger for a complete list of JARs that were scanned but no TLDs were found in them. Skipping unneeded JARs during scanning can improve startup time and JSP compilation time.
28-Apr-2026 19:25:13.899 INFO [main] org.apache.catalina.startup.HostConfig.deployDescriptor Deployment of deployment descriptor [/Users/yiuwah/Library/Mobile Documents/com~apple~CloudDocs/HKUST/2526S/COMP 4321/Project/phase2/COMP4321-Search-Engine/apache-tomcat-9.0.117/conf/Catalina/localhost/ROOT.xml] has finished in [1,197] ms
28-Apr-2026 19:25:13.899 INFO [main] org.apache.catalina.startup.HostConfig.deployDirectory Deploying web application directory [/Users/yiuwah/Library/Mobile Documents/com~apple~CloudDocs/HKUST/2526S/COMP 4321/Project/phase2/COMP4321-Search-Engine/apache-tomcat-9.0.117/webapps/docs]
28-Apr-2026 19:25:13.911 INFO [main] org.apache.catalina.startup.HostConfig.deployDirectory Deployment of web application directory [/Users/yiuwah/Library/Mobile Documents/com~apple~CloudDocs/HKUST/2526S/COMP 4321/Project/phase2/COMP4321-Search-Engine/apache-tomcat-9.0.117/webapps/docs] has finished in [12] ms
28-Apr-2026 19:25:13.911 INFO [main] org.apache.catalina.startup.HostConfig.deployDirectory Deploying web application directory [/Users/yiuwah/Library/Mobile Documents/com~apple~CloudDocs/HKUST/2526S/COMP 4321/Project/phase2/COMP4321-Search-Engine/apache-tomcat-9.0.117/webapps/manager]
28-Apr-2026 19:25:13.925 INFO [main] org.apache.catalina.startup.HostConfig.deployDirectory Deployment of web application directory [/Users/yiuwah/Library/Mobile Documents/com~apple~CloudDocs/HKUST/2526S/COMP 4321/Project/phase2/COMP4321-Search-Engine/apache-tomcat-9.0.117/webapps/manager] has finished in [14] ms
28-Apr-2026 19:25:13.925 INFO [main] org.apache.catalina.startup.HostConfig.deployDirectory Deploying web application directory [/Users/yiuwah/Library/Mobile Documents/com~apple~CloudDocs/HKUST/2526S/COMP 4321/Project/phase2/COMP4321-Search-Engine/apache-tomcat-9.0.117/webapps/examples]
28-Apr-2026 19:25:13.992 INFO [main] org.apache.catalina.startup.HostConfig.deployDirectory Deployment of web application directory [/Users/yiuwah/Library/Mobile Documents/com~apple~CloudDocs/HKUST/2526S/COMP 4321/Project/phase2/COMP4321-Search-Engine/apache-tomcat-9.0.117/webapps/examples] has finished in [67] ms
28-Apr-2026 19:25:13.992 INFO [main] org.apache.catalina.startup.HostConfig.deployDirectory Deploying web application directory [/Users/yiuwah/Library/Mobile Documents/com~apple~CloudDocs/HKUST/2526S/COMP 4321/Project/phase2/COMP4321-Search-Engine/apache-tomcat-9.0.117/webapps/host-manager]
28-Apr-2026 19:25:14.001 INFO [main] org.apache.catalina.startup.HostConfig.deployDirectory Deployment of web application directory [/Users/yiuwah/Library/Mobile Documents/com~apple~CloudDocs/HKUST/2526S/COMP 4321/Project/phase2/COMP4321-Search-Engine/apache-tomcat-9.0.117/webapps/host-manager] has finished in [8] ms
28-Apr-2026 19:25:14.002 INFO [main] org.apache.coyote.AbstractProtocol.start Starting ProtocolHandler ["http-nio-8080"]
28-Apr-2026 19:25:14.004 INFO [main] org.apache.catalina.startup.Catalina.start Server startup in [1323] milliseconds
